{"/Users/matheuscysneiros/Documents/estudos/puc2/src/app/_components/AuthTokenInitializer.tsx": {"path":"/Users/matheuscysneiros/Documents/estudos/puc2/src/app/_components/AuthTokenInitializer.tsx","statementMap":{"0":{"start":{"line":15,"column":2},"end":{"line":20,"column":34}},"1":{"start":{"line":17,"column":4},"end":{"line":19,"column":5}},"2":{"start":{"line":18,"column":6},"end":{"line":18,"column":67}},"3":{"start":{"line":23,"column":2},"end":{"line":23,"column":14}}},"fnMap":{"0":{"name":"AuthTokenInitializer","decl":{"start":{"line":11,"column":24},"end":{"line":11,"column":44}},"loc":{"start":{"line":14,"column":28},"end":{"line":24,"column":1}}},"1":{"name":"(anonymous_1)","decl":{"start":{"line":15,"column":12},"end":{"line":15,"column":15}},"loc":{"start":{"line":15,"column":17},"end":{"line":20,"column":3}}}},"branchMap":{"0":{"loc":{"start":{"line":17,"column":4},"end":{"line":19,"column":5}},"type":"if","locations":[{"start":{"line":17,"column":4},"end":{"line":19,"column":5}}]},"1":{"loc":{"start":{"line":17,"column":8},"end":{"line":17,"column":35}},"type":"binary-expr","locations":[{"start":{"line":17,"column":8},"end":{"line":17,"column":19}},{"start":{"line":17,"column":23},"end":{"line":17,"column":35}}]}},"s":{"0":0,"1":0,"2":0,"3":0},"f":{"0":0,"1":0},"b":{"0":[0],"1":[0,0]}}
,"/Users/matheuscysneiros/Documents/estudos/puc2/src/app/api/trpc/[trpc]/route.ts": {"path":"/Users/matheuscysneiros/Documents/estudos/puc2/src/app/api/trpc/[trpc]/route.ts","statementMap":{"0":{"start":{"line":12,"column":22},"end":{"line":16,"column":1}},"1":{"start":{"line":13,"column":2},"end":{"line":15,"column":5}},"2":{"start":{"line":18,"column":16},"end":{"line":32,"column":4}},"3":{"start":{"line":19,"column":2},"end":{"line":32,"column":4}},"4":{"start":{"line":23,"column":25},"end":{"line":23,"column":43}},"5":{"start":{"line":27,"column":12},"end":{"line":29,"column":14}}},"fnMap":{"0":{"name":"(anonymous_0)","decl":{"start":{"line":12,"column":22},"end":{"line":12,"column":27}},"loc":{"start":{"line":12,"column":49},"end":{"line":16,"column":1}}},"1":{"name":"(anonymous_1)","decl":{"start":{"line":18,"column":16},"end":{"line":18,"column":17}},"loc":{"start":{"line":19,"column":2},"end":{"line":32,"column":4}}},"2":{"name":"(anonymous_2)","decl":{"start":{"line":23,"column":19},"end":{"line":23,"column":22}},"loc":{"start":{"line":23,"column":25},"end":{"line":23,"column":43}}},"3":{"name":"(anonymous_3)","decl":{"start":{"line":26,"column":10},"end":{"line":26,"column":11}},"loc":{"start":{"line":26,"column":30},"end":{"line":30,"column":11}}}},"branchMap":{"0":{"loc":{"start":{"line":25,"column":6},"end":{"line":31,"column":19}},"type":"cond-expr","locations":[{"start":{"line":26,"column":10},"end":{"line":30,"column":11}},{"start":{"line":31,"column":10},"end":{"line":31,"column":19}}]},"1":{"loc":{"start":{"line":28,"column":34},"end":{"line":28,"column":53}},"type":"binary-expr","locations":[{"start":{"line":28,"column":34},"end":{"line":28,"column":38}},{"start":{"line":28,"column":42},"end":{"line":28,"column":53}}]}},"s":{"0":0,"1":0,"2":0,"3":0,"4":0,"5":0},"f":{"0":0,"1":0,"2":0,"3":0},"b":{"0":[0,0],"1":[0,0]}}
,"/Users/matheuscysneiros/Documents/estudos/puc2/src/lib/axiosClient.ts": {"path":"/Users/matheuscysneiros/Documents/estudos/puc2/src/lib/axiosClient.ts","statementMap":{"0":{"start":{"line":5,"column":27},"end":{"line":10,"column":2}},"1":{"start":{"line":13,"column":0},"end":{"line":20,"column":3}},"2":{"start":{"line":14,"column":16},"end":{"line":14,"column":45}},"3":{"start":{"line":15,"column":2},"end":{"line":18,"column":3}},"4":{"start":{"line":16,"column":5},"end":{"line":17,"column":24}},"5":{"start":{"line":19,"column":2},"end":{"line":19,"column":16}},"6":{"start":{"line":23,"column":23},"end":{"line":26,"column":1}},"7":{"start":{"line":24,"column":19},"end":{"line":24,"column":48}},"8":{"start":{"line":25,"column":2},"end":{"line":25,"column":23}}},"fnMap":{"0":{"name":"(anonymous_0)","decl":{"start":{"line":13,"column":37},"end":{"line":13,"column":38}},"loc":{"start":{"line":13,"column":48},"end":{"line":20,"column":1}}},"1":{"name":"(anonymous_1)","decl":{"start":{"line":23,"column":23},"end":{"line":23,"column":28}},"loc":{"start":{"line":23,"column":58},"end":{"line":26,"column":1}}}},"branchMap":{"0":{"loc":{"start":{"line":15,"column":2},"end":{"line":18,"column":3}},"type":"if","locations":[{"start":{"line":15,"column":2},"end":{"line":18,"column":3}}]},"1":{"loc":{"start":{"line":15,"column":6},"end":{"line":15,"column":29}},"type":"binary-expr","locations":[{"start":{"line":15,"column":6},"end":{"line":15,"column":11}},{"start":{"line":15,"column":15},"end":{"line":15,"column":29}}]}},"s":{"0":0,"1":0,"2":0,"3":0,"4":0,"5":0,"6":0,"7":0,"8":0},"f":{"0":0,"1":0},"b":{"0":[0],"1":[0,0]}}
,"/Users/matheuscysneiros/Documents/estudos/puc2/src/lib/utils.ts": {"path":"/Users/matheuscysneiros/Documents/estudos/puc2/src/lib/utils.ts","statementMap":{"0":{"start":{"line":5,"column":2},"end":{"line":5,"column":31}}},"fnMap":{"0":{"name":"cn","decl":{"start":{"line":4,"column":16},"end":{"line":4,"column":18}},"loc":{"start":{"line":4,"column":42},"end":{"line":6,"column":1}}}},"branchMap":{},"s":{"0":0},"f":{"0":0},"b":{}}
,"/Users/matheuscysneiros/Documents/estudos/puc2/src/server/api/root.ts": {"path":"/Users/matheuscysneiros/Documents/estudos/puc2/src/server/api/root.ts","statementMap":{"0":{"start":{"line":13,"column":25},"end":{"line":19,"column":2}},"1":{"start":{"line":31,"column":28},"end":{"line":31,"column":58}}},"fnMap":{},"branchMap":{},"s":{"0":0,"1":0},"f":{},"b":{}}
,"/Users/matheuscysneiros/Documents/estudos/puc2/src/server/api/trpc.ts": {"path":"/Users/matheuscysneiros/Documents/estudos/puc2/src/server/api/trpc.ts","statementMap":{"0":{"start":{"line":25,"column":33},"end":{"line":29,"column":1}},"1":{"start":{"line":26,"column":2},"end":{"line":28,"column":4}},"2":{"start":{"line":38,"column":10},"end":{"line":50,"column":2}},"3":{"start":{"line":41,"column":4},"end":{"line":48,"column":6}},"4":{"start":{"line":57,"column":35},"end":{"line":57,"column":56}},"5":{"start":{"line":71,"column":32},"end":{"line":71,"column":40}},"6":{"start":{"line":79,"column":25},"end":{"line":94,"column":2}},"7":{"start":{"line":80,"column":16},"end":{"line":80,"column":26}},"8":{"start":{"line":82,"column":2},"end":{"line":86,"column":3}},"9":{"start":{"line":84,"column":19},"end":{"line":84,"column":56}},"10":{"start":{"line":85,"column":4},"end":{"line":85,"column":64}},"11":{"start":{"line":85,"column":35},"end":{"line":85,"column":62}},"12":{"start":{"line":88,"column":17},"end":{"line":88,"column":29}},"13":{"start":{"line":90,"column":14},"end":{"line":90,"column":24}},"14":{"start":{"line":91,"column":2},"end":{"line":91,"column":65}},"15":{"start":{"line":93,"column":2},"end":{"line":93,"column":16}},"16":{"start":{"line":103,"column":31},"end":{"line":103,"column":64}}},"fnMap":{"0":{"name":"(anonymous_0)","decl":{"start":{"line":25,"column":33},"end":{"line":25,"column":38}},"loc":{"start":{"line":25,"column":70},"end":{"line":29,"column":1}}},"1":{"name":"(anonymous_1)","decl":{"start":{"line":40,"column":2},"end":{"line":40,"column":16}},"loc":{"start":{"line":40,"column":33},"end":{"line":49,"column":3}}},"2":{"name":"(anonymous_2)","decl":{"start":{"line":79,"column":38},"end":{"line":79,"column":43}},"loc":{"start":{"line":79,"column":63},"end":{"line":94,"column":1}}},"3":{"name":"(anonymous_3)","decl":{"start":{"line":85,"column":22},"end":{"line":85,"column":23}},"loc":{"start":{"line":85,"column":35},"end":{"line":85,"column":62}}}},"branchMap":{"0":{"loc":{"start":{"line":46,"column":10},"end":{"line":46,"column":72}},"type":"cond-expr","locations":[{"start":{"line":46,"column":44},"end":{"line":46,"column":65}},{"start":{"line":46,"column":68},"end":{"line":46,"column":72}}]},"1":{"loc":{"start":{"line":82,"column":2},"end":{"line":86,"column":3}},"type":"if","locations":[{"start":{"line":82,"column":2},"end":{"line":86,"column":3}}]}},"s":{"0":0,"1":0,"2":0,"3":0,"4":0,"5":0,"6":0,"7":0,"8":0,"9":0,"10":0,"11":0,"12":0,"13":0,"14":0,"15":0,"16":0},"f":{"0":0,"1":0,"2":0,"3":0},"b":{"0":[0,0],"1":[0]}}
,"/Users/matheuscysneiros/Documents/estudos/puc2/src/server/api/routers/alunos.ts": {"path":"/Users/matheuscysneiros/Documents/estudos/puc2/src/server/api/routers/alunos.ts","statementMap":{"0":{"start":{"line":6,"column":16},"end":{"line":6,"column":39}},"1":{"start":{"line":29,"column":27},"end":{"line":141,"column":2}},"2":{"start":{"line":45,"column":23},"end":{"line":62,"column":null}},"3":{"start":{"line":64,"column":6},"end":{"line":64,"column":18}},"4":{"start":{"line":83,"column":27},"end":{"line":83,"column":54}},"5":{"start":{"line":89,"column":18},"end":{"line":89,"column":50}},"6":{"start":{"line":90,"column":23},"end":{"line":95,"column":8}},"7":{"start":{"line":96,"column":6},"end":{"line":96,"column":18}},"8":{"start":{"line":114,"column":27},"end":{"line":114,"column":54}},"9":{"start":{"line":120,"column":18},"end":{"line":120,"column":50}},"10":{"start":{"line":121,"column":23},"end":{"line":126,"column":8}},"11":{"start":{"line":127,"column":6},"end":{"line":127,"column":18}},"12":{"start":{"line":133,"column":23},"end":{"line":138,"column":8}},"13":{"start":{"line":139,"column":6},"end":{"line":139,"column":18}}},"fnMap":{"0":{"name":"(anonymous_0)","decl":{"start":{"line":44,"column":14},"end":{"line":44,"column":19}},"loc":{"start":{"line":44,"column":34},"end":{"line":65,"column":5}}},"1":{"name":"(anonymous_1)","decl":{"start":{"line":83,"column":18},"end":{"line":83,"column":19}},"loc":{"start":{"line":83,"column":27},"end":{"line":83,"column":54}}},"2":{"name":"(anonymous_2)","decl":{"start":{"line":88,"column":14},"end":{"line":88,"column":19}},"loc":{"start":{"line":88,"column":34},"end":{"line":97,"column":5}}},"3":{"name":"(anonymous_3)","decl":{"start":{"line":114,"column":18},"end":{"line":114,"column":19}},"loc":{"start":{"line":114,"column":27},"end":{"line":114,"column":54}}},"4":{"name":"(anonymous_4)","decl":{"start":{"line":119,"column":14},"end":{"line":119,"column":19}},"loc":{"start":{"line":119,"column":34},"end":{"line":128,"column":5}}},"5":{"name":"(anonymous_5)","decl":{"start":{"line":132,"column":11},"end":{"line":132,"column":16}},"loc":{"start":{"line":132,"column":31},"end":{"line":140,"column":5}}}},"branchMap":{},"s":{"0":0,"1":0,"2":0,"3":0,"4":0,"5":0,"6":0,"7":0,"8":0,"9":0,"10":0,"11":0,"12":0,"13":0},"f":{"0":0,"1":0,"2":0,"3":0,"4":0,"5":0},"b":{}}
,"/Users/matheuscysneiros/Documents/estudos/puc2/src/server/api/routers/emprestimo.ts": {"path":"/Users/matheuscysneiros/Documents/estudos/puc2/src/server/api/routers/emprestimo.ts","statementMap":{"0":{"start":{"line":6,"column":16},"end":{"line":6,"column":39}},"1":{"start":{"line":36,"column":32},"end":{"line":193,"column":2}},"2":{"start":{"line":49,"column":25},"end":{"line":62,"column":null}},"3":{"start":{"line":64,"column":8},"end":{"line":64,"column":20}},"4":{"start":{"line":77,"column":8},"end":{"line":119,"column":9}},"5":{"start":{"line":79,"column":22},"end":{"line":79,"column":67}},"6":{"start":{"line":80,"column":10},"end":{"line":80,"column":66}},"7":{"start":{"line":82,"column":26},"end":{"line":85,"column":12}},"8":{"start":{"line":88,"column":27},"end":{"line":91,"column":null}},"9":{"start":{"line":94,"column":10},"end":{"line":94,"column":74}},"10":{"start":{"line":95,"column":10},"end":{"line":95,"column":31}},"11":{"start":{"line":97,"column":10},"end":{"line":97,"column":53}},"12":{"start":{"line":99,"column":10},"end":{"line":114,"column":11}},"13":{"start":{"line":100,"column":12},"end":{"line":100,"column":61}},"14":{"start":{"line":101,"column":12},"end":{"line":101,"column":57}},"15":{"start":{"line":102,"column":12},"end":{"line":102,"column":53}},"16":{"start":{"line":104,"column":12},"end":{"line":108,"column":13}},"17":{"start":{"line":105,"column":14},"end":{"line":107,"column":16}},"18":{"start":{"line":109,"column":12},"end":{"line":113,"column":13}},"19":{"start":{"line":110,"column":14},"end":{"line":112,"column":16}},"20":{"start":{"line":116,"column":10},"end":{"line":118,"column":12}},"21":{"start":{"line":130,"column":23},"end":{"line":137,"column":null}},"22":{"start":{"line":139,"column":6},"end":{"line":139,"column":18}},"23":{"start":{"line":150,"column":8},"end":{"line":190,"column":9}},"24":{"start":{"line":151,"column":10},"end":{"line":151,"column":78}},"25":{"start":{"line":155,"column":22},"end":{"line":155,"column":107}},"26":{"start":{"line":156,"column":10},"end":{"line":156,"column":51}},"27":{"start":{"line":158,"column":27},"end":{"line":163,"column":12}},"28":{"start":{"line":165,"column":10},"end":{"line":165,"column":71}},"29":{"start":{"line":166,"column":10},"end":{"line":166,"column":28}},"30":{"start":{"line":168,"column":10},"end":{"line":171,"column":12}},"31":{"start":{"line":174,"column":10},"end":{"line":184,"column":11}},"32":{"start":{"line":175,"column":12},"end":{"line":175,"column":61}},"33":{"start":{"line":176,"column":12},"end":{"line":176,"column":57}},"34":{"start":{"line":177,"column":12},"end":{"line":177,"column":53}},"35":{"start":{"line":180,"column":12},"end":{"line":183,"column":13}},"36":{"start":{"line":181,"column":14},"end":{"line":181,"column":80}},"37":{"start":{"line":182,"column":14},"end":{"line":182,"column":24}},"38":{"start":{"line":187,"column":10},"end":{"line":189,"column":12}}},"fnMap":{"0":{"name":"(anonymous_0)","decl":{"start":{"line":48,"column":6},"end":{"line":48,"column":11}},"loc":{"start":{"line":48,"column":73},"end":{"line":65,"column":7}}},"1":{"name":"(anonymous_1)","decl":{"start":{"line":76,"column":6},"end":{"line":76,"column":11}},"loc":{"start":{"line":76,"column":72},"end":{"line":120,"column":7}}},"2":{"name":"(anonymous_2)","decl":{"start":{"line":129,"column":11},"end":{"line":129,"column":16}},"loc":{"start":{"line":129,"column":65},"end":{"line":140,"column":5}}},"3":{"name":"(anonymous_3)","decl":{"start":{"line":149,"column":6},"end":{"line":149,"column":11}},"loc":{"start":{"line":149,"column":75},"end":{"line":191,"column":7}}}},"branchMap":{"0":{"loc":{"start":{"line":99,"column":10},"end":{"line":114,"column":11}},"type":"if","locations":[{"start":{"line":99,"column":10},"end":{"line":114,"column":11}}]},"1":{"loc":{"start":{"line":104,"column":12},"end":{"line":108,"column":13}},"type":"if","locations":[{"start":{"line":104,"column":12},"end":{"line":108,"column":13}}]},"2":{"loc":{"start":{"line":109,"column":12},"end":{"line":113,"column":13}},"type":"if","locations":[{"start":{"line":109,"column":12},"end":{"line":113,"column":13}}]},"3":{"loc":{"start":{"line":117,"column":45},"end":{"line":117,"column":99}},"type":"cond-expr","locations":[{"start":{"line":117,"column":70},"end":{"line":117,"column":83}},{"start":{"line":117,"column":86},"end":{"line":117,"column":99}}]},"4":{"loc":{"start":{"line":165,"column":50},"end":{"line":165,"column":67}},"type":"binary-expr","locations":[{"start":{"line":165,"column":50},"end":{"line":165,"column":62}},{"start":{"line":165,"column":66},"end":{"line":165,"column":67}}]},"5":{"loc":{"start":{"line":166,"column":17},"end":{"line":166,"column":27}},"type":"binary-expr","locations":[{"start":{"line":166,"column":17},"end":{"line":166,"column":21}},{"start":{"line":166,"column":25},"end":{"line":166,"column":27}}]},"6":{"loc":{"start":{"line":174,"column":10},"end":{"line":184,"column":11}},"type":"if","locations":[{"start":{"line":174,"column":10},"end":{"line":184,"column":11}}]},"7":{"loc":{"start":{"line":180,"column":12},"end":{"line":183,"column":13}},"type":"if","locations":[{"start":{"line":180,"column":12},"end":{"line":183,"column":13}}]},"8":{"loc":{"start":{"line":188,"column":67},"end":{"line":188,"column":121}},"type":"cond-expr","locations":[{"start":{"line":188,"column":92},"end":{"line":188,"column":105}},{"start":{"line":188,"column":108},"end":{"line":188,"column":121}}]}},"s":{"0":0,"1":0,"2":0,"3":0,"4":0,"5":0,"6":0,"7":0,"8":0,"9":0,"10":0,"11":0,"12":0,"13":0,"14":0,"15":0,"16":0,"17":0,"18":0,"19":0,"20":0,"21":0,"22":0,"23":0,"24":0,"25":0,"26":0,"27":0,"28":0,"29":0,"30":0,"31":0,"32":0,"33":0,"34":0,"35":0,"36":0,"37":0,"38":0},"f":{"0":0,"1":0,"2":0,"3":0},"b":{"0":[0],"1":[0],"2":[0],"3":[0,0],"4":[0,0],"5":[0,0],"6":[0],"7":[0],"8":[0,0]}}
,"/Users/matheuscysneiros/Documents/estudos/puc2/src/server/api/routers/estatistica.ts": {"path":"/Users/matheuscysneiros/Documents/estudos/puc2/src/server/api/routers/estatistica.ts","statementMap":{"0":{"start":{"line":13,"column":16},"end":{"line":13,"column":39}},"1":{"start":{"line":14,"column":33},"end":{"line":33,"column":2}},"2":{"start":{"line":22,"column":23},"end":{"line":29,"column":null}},"3":{"start":{"line":31,"column":6},"end":{"line":31,"column":18}}},"fnMap":{"0":{"name":"(anonymous_0)","decl":{"start":{"line":21,"column":11},"end":{"line":21,"column":16}},"loc":{"start":{"line":21,"column":31},"end":{"line":32,"column":5}}}},"branchMap":{},"s":{"0":0,"1":0,"2":0,"3":0},"f":{"0":0},"b":{}}
,"/Users/matheuscysneiros/Documents/estudos/puc2/src/server/api/routers/livros.ts": {"path":"/Users/matheuscysneiros/Documents/estudos/puc2/src/server/api/routers/livros.ts","statementMap":{"0":{"start":{"line":7,"column":16},"end":{"line":7,"column":39}},"1":{"start":{"line":52,"column":27},"end":{"line":225,"column":2}},"2":{"start":{"line":65,"column":23},"end":{"line":79,"column":null}},"3":{"start":{"line":81,"column":6},"end":{"line":81,"column":18}},"4":{"start":{"line":96,"column":18},"end":{"line":96,"column":39}},"5":{"start":{"line":97,"column":23},"end":{"line":105,"column":null}},"6":{"start":{"line":107,"column":6},"end":{"line":107,"column":18}},"7":{"start":{"line":123,"column":18},"end":{"line":123,"column":54}},"8":{"start":{"line":124,"column":23},"end":{"line":138,"column":null}},"9":{"start":{"line":140,"column":6},"end":{"line":140,"column":18}},"10":{"start":{"line":157,"column":27},"end":{"line":157,"column":54}},"11":{"start":{"line":163,"column":18},"end":{"line":163,"column":54}},"12":{"start":{"line":164,"column":23},"end":{"line":169,"column":8}},"13":{"start":{"line":170,"column":6},"end":{"line":170,"column":18}},"14":{"start":{"line":176,"column":18},"end":{"line":176,"column":54}},"15":{"start":{"line":177,"column":23},"end":{"line":182,"column":8}},"16":{"start":{"line":183,"column":6},"end":{"line":183,"column":18}},"17":{"start":{"line":189,"column":18},"end":{"line":189,"column":42}},"18":{"start":{"line":190,"column":23},"end":{"line":195,"column":8}},"19":{"start":{"line":196,"column":6},"end":{"line":196,"column":18}},"20":{"start":{"line":202,"column":18},"end":{"line":202,"column":50}},"21":{"start":{"line":203,"column":23},"end":{"line":208,"column":8}},"22":{"start":{"line":209,"column":6},"end":{"line":209,"column":18}},"23":{"start":{"line":216,"column":18},"end":{"line":216,"column":52}},"24":{"start":{"line":217,"column":23},"end":{"line":222,"column":8}},"25":{"start":{"line":223,"column":6},"end":{"line":223,"column":18}}},"fnMap":{"0":{"name":"(anonymous_0)","decl":{"start":{"line":64,"column":14},"end":{"line":64,"column":19}},"loc":{"start":{"line":64,"column":34},"end":{"line":82,"column":5}}},"1":{"name":"(anonymous_1)","decl":{"start":{"line":94,"column":14},"end":{"line":94,"column":19}},"loc":{"start":{"line":94,"column":34},"end":{"line":108,"column":5}}},"2":{"name":"(anonymous_2)","decl":{"start":{"line":122,"column":14},"end":{"line":122,"column":19}},"loc":{"start":{"line":122,"column":34},"end":{"line":141,"column":5}}},"3":{"name":"(anonymous_3)","decl":{"start":{"line":157,"column":18},"end":{"line":157,"column":19}},"loc":{"start":{"line":157,"column":27},"end":{"line":157,"column":54}}},"4":{"name":"(anonymous_4)","decl":{"start":{"line":162,"column":14},"end":{"line":162,"column":19}},"loc":{"start":{"line":162,"column":34},"end":{"line":171,"column":5}}},"5":{"name":"(anonymous_5)","decl":{"start":{"line":175,"column":11},"end":{"line":175,"column":16}},"loc":{"start":{"line":175,"column":31},"end":{"line":184,"column":5}}},"6":{"name":"(anonymous_6)","decl":{"start":{"line":188,"column":11},"end":{"line":188,"column":16}},"loc":{"start":{"line":188,"column":31},"end":{"line":197,"column":5}}},"7":{"name":"(anonymous_7)","decl":{"start":{"line":201,"column":11},"end":{"line":201,"column":16}},"loc":{"start":{"line":201,"column":31},"end":{"line":210,"column":5}}},"8":{"name":"(anonymous_8)","decl":{"start":{"line":215,"column":11},"end":{"line":215,"column":16}},"loc":{"start":{"line":215,"column":31},"end":{"line":224,"column":5}}}},"branchMap":{},"s":{"0":0,"1":0,"2":0,"3":0,"4":0,"5":0,"6":0,"7":0,"8":0,"9":0,"10":0,"11":0,"12":0,"13":0,"14":0,"15":0,"16":0,"17":0,"18":0,"19":0,"20":0,"21":0,"22":0,"23":0,"24":0,"25":0},"f":{"0":0,"1":0,"2":0,"3":0,"4":0,"5":0,"6":0,"7":0,"8":0},"b":{}}
,"/Users/matheuscysneiros/Documents/estudos/puc2/src/server/api/routers/tokens.ts": {"path":"/Users/matheuscysneiros/Documents/estudos/puc2/src/server/api/routers/tokens.ts","statementMap":{"0":{"start":{"line":7,"column":16},"end":{"line":7,"column":62}},"1":{"start":{"line":9,"column":27},"end":{"line":22,"column":2}},"2":{"start":{"line":13,"column":23},"end":{"line":18,"column":null}},"3":{"start":{"line":20,"column":6},"end":{"line":20,"column":18}}},"fnMap":{"0":{"name":"(anonymous_0)","decl":{"start":{"line":12,"column":14},"end":{"line":12,"column":19}},"loc":{"start":{"line":12,"column":34},"end":{"line":21,"column":5}}}},"branchMap":{},"s":{"0":0,"1":0,"2":0,"3":0},"f":{"0":0},"b":{}}
,"/Users/matheuscysneiros/Documents/estudos/puc2/src/server/utils/index.ts": {"path":"/Users/matheuscysneiros/Documents/estudos/puc2/src/server/utils/index.ts","statementMap":{"0":{"start":{"line":4,"column":15},"end":{"line":7,"column":4}},"1":{"start":{"line":9,"column":2},"end":{"line":9,"column":21}}},"fnMap":{"0":{"name":"getOrSetToken","decl":{"start":{"line":3,"column":22},"end":{"line":3,"column":35}},"loc":{"start":{"line":3,"column":35},"end":{"line":10,"column":1}}}},"branchMap":{},"s":{"0":0,"1":0},"f":{"0":0},"b":{}}
,"/Users/matheuscysneiros/Documents/estudos/puc2/src/trpc/alunos-store.ts": {"path":"/Users/matheuscysneiros/Documents/estudos/puc2/src/trpc/alunos-store.ts","statementMap":{"0":{"start":{"line":11,"column":30},"end":{"line":22,"column":3}},"1":{"start":{"line":11,"column":64},"end":{"line":22,"column":2}},"2":{"start":{"line":13,"column":25},"end":{"line":13,"column":40}},"3":{"start":{"line":14,"column":22},"end":{"line":14,"column":34}},"4":{"start":{"line":15,"column":24},"end":{"line":15,"column":61}},"5":{"start":{"line":15,"column":49},"end":{"line":15,"column":60}},"6":{"start":{"line":17,"column":4},"end":{"line":21,"column":7}},"7":{"start":{"line":17,"column":20},"end":{"line":21,"column":6}},"8":{"start":{"line":19,"column":8},"end":{"line":19,"column":57}}},"fnMap":{"0":{"name":"(anonymous_0)","decl":{"start":{"line":11,"column":49},"end":{"line":11,"column":50}},"loc":{"start":{"line":11,"column":64},"end":{"line":22,"column":2}}},"1":{"name":"(anonymous_1)","decl":{"start":{"line":13,"column":13},"end":{"line":13,"column":14}},"loc":{"start":{"line":13,"column":25},"end":{"line":13,"column":40}}},"2":{"name":"(anonymous_2)","decl":{"start":{"line":14,"column":16},"end":{"line":14,"column":19}},"loc":{"start":{"line":14,"column":22},"end":{"line":14,"column":34}}},"3":{"name":"(anonymous_3)","decl":{"start":{"line":15,"column":16},"end":{"line":15,"column":17}},"loc":{"start":{"line":15,"column":24},"end":{"line":15,"column":61}}},"4":{"name":"(anonymous_4)","decl":{"start":{"line":15,"column":42},"end":{"line":15,"column":43}},"loc":{"start":{"line":15,"column":49},"end":{"line":15,"column":60}}},"5":{"name":"(anonymous_5)","decl":{"start":{"line":16,"column":13},"end":{"line":16,"column":14}},"loc":{"start":{"line":17,"column":4},"end":{"line":21,"column":7}}},"6":{"name":"(anonymous_6)","decl":{"start":{"line":17,"column":8},"end":{"line":17,"column":9}},"loc":{"start":{"line":17,"column":20},"end":{"line":21,"column":6}}},"7":{"name":"(anonymous_7)","decl":{"start":{"line":18,"column":31},"end":{"line":18,"column":32}},"loc":{"start":{"line":19,"column":8},"end":{"line":19,"column":57}}}},"branchMap":{"0":{"loc":{"start":{"line":19,"column":8},"end":{"line":19,"column":57}},"type":"cond-expr","locations":[{"start":{"line":19,"column":38},"end":{"line":19,"column":49}},{"start":{"line":19,"column":52},"end":{"line":19,"column":57}}]}},"s":{"0":0,"1":0,"2":0,"3":0,"4":0,"5":0,"6":0,"7":0,"8":0},"f":{"0":0,"1":0,"2":0,"3":0,"4":0,"5":0,"6":0,"7":0},"b":{"0":[0,0]}}
,"/Users/matheuscysneiros/Documents/estudos/puc2/src/trpc/auth-store.ts": {"path":"/Users/matheuscysneiros/Documents/estudos/puc2/src/trpc/auth-store.ts","statementMap":{"0":{"start":{"line":11,"column":28},"end":{"line":17,"column":3}},"1":{"start":{"line":11,"column":61},"end":{"line":17,"column":2}},"2":{"start":{"line":14,"column":44},"end":{"line":14,"column":78}},"3":{"start":{"line":15,"column":21},"end":{"line":15,"column":67}},"4":{"start":{"line":16,"column":24},"end":{"line":16,"column":41}}},"fnMap":{"0":{"name":"(anonymous_0)","decl":{"start":{"line":11,"column":46},"end":{"line":11,"column":47}},"loc":{"start":{"line":11,"column":61},"end":{"line":17,"column":2}}},"1":{"name":"(anonymous_1)","decl":{"start":{"line":14,"column":13},"end":{"line":14,"column":14}},"loc":{"start":{"line":14,"column":44},"end":{"line":14,"column":78}}},"2":{"name":"(anonymous_2)","decl":{"start":{"line":15,"column":15},"end":{"line":15,"column":18}},"loc":{"start":{"line":15,"column":21},"end":{"line":15,"column":67}}},"3":{"name":"(anonymous_3)","decl":{"start":{"line":16,"column":18},"end":{"line":16,"column":21}},"loc":{"start":{"line":16,"column":24},"end":{"line":16,"column":41}}}},"branchMap":{},"s":{"0":0,"1":0,"2":0,"3":0,"4":0},"f":{"0":0,"1":0,"2":0,"3":0},"b":{}}
,"/Users/matheuscysneiros/Documents/estudos/puc2/src/trpc/client.ts": {"path":"/Users/matheuscysneiros/Documents/estudos/puc2/src/trpc/client.ts","statementMap":{"0":{"start":{"line":4,"column":19},"end":{"line":4,"column":47}}},"fnMap":{},"branchMap":{},"s":{"0":0},"f":{},"b":{}}
,"/Users/matheuscysneiros/Documents/estudos/puc2/src/trpc/livros-store.ts": {"path":"/Users/matheuscysneiros/Documents/estudos/puc2/src/trpc/livros-store.ts","statementMap":{"0":{"start":{"line":13,"column":30},"end":{"line":23,"column":3}},"1":{"start":{"line":13,"column":64},"end":{"line":23,"column":2}},"2":{"start":{"line":15,"column":25},"end":{"line":15,"column":40}},"3":{"start":{"line":16,"column":22},"end":{"line":16,"column":34}},"4":{"start":{"line":17,"column":24},"end":{"line":17,"column":61}},"5":{"start":{"line":17,"column":49},"end":{"line":17,"column":60}},"6":{"start":{"line":19,"column":4},"end":{"line":21,"column":8}},"7":{"start":{"line":19,"column":20},"end":{"line":21,"column":6}}},"fnMap":{"0":{"name":"(anonymous_0)","decl":{"start":{"line":13,"column":49},"end":{"line":13,"column":50}},"loc":{"start":{"line":13,"column":64},"end":{"line":23,"column":2}}},"1":{"name":"(anonymous_1)","decl":{"start":{"line":15,"column":13},"end":{"line":15,"column":14}},"loc":{"start":{"line":15,"column":25},"end":{"line":15,"column":40}}},"2":{"name":"(anonymous_2)","decl":{"start":{"line":16,"column":16},"end":{"line":16,"column":19}},"loc":{"start":{"line":16,"column":22},"end":{"line":16,"column":34}}},"3":{"name":"(anonymous_3)","decl":{"start":{"line":17,"column":16},"end":{"line":17,"column":17}},"loc":{"start":{"line":17,"column":24},"end":{"line":17,"column":61}}},"4":{"name":"(anonymous_4)","decl":{"start":{"line":17,"column":42},"end":{"line":17,"column":43}},"loc":{"start":{"line":17,"column":49},"end":{"line":17,"column":60}}},"5":{"name":"(anonymous_5)","decl":{"start":{"line":18,"column":11},"end":{"line":18,"column":12}},"loc":{"start":{"line":18,"column":24},"end":{"line":22,"column":3}}},"6":{"name":"(anonymous_6)","decl":{"start":{"line":19,"column":8},"end":{"line":19,"column":9}},"loc":{"start":{"line":19,"column":20},"end":{"line":21,"column":6}}}},"branchMap":{},"s":{"0":0,"1":0,"2":0,"3":0,"4":0,"5":0,"6":0,"7":0},"f":{"0":0,"1":0,"2":0,"3":0,"4":0,"5":0,"6":0},"b":{}}
,"/Users/matheuscysneiros/Documents/estudos/puc2/src/trpc/query-client.ts": {"path":"/Users/matheuscysneiros/Documents/estudos/puc2/src/trpc/query-client.ts","statementMap":{"0":{"start":{"line":7,"column":33},"end":{"line":25,"column":4}},"1":{"start":{"line":8,"column":2},"end":{"line":25,"column":4}},"2":{"start":{"line":18,"column":10},"end":{"line":19,"column":42}}},"fnMap":{"0":{"name":"(anonymous_0)","decl":{"start":{"line":7,"column":33},"end":{"line":7,"column":36}},"loc":{"start":{"line":8,"column":2},"end":{"line":25,"column":4}}},"1":{"name":"(anonymous_1)","decl":{"start":{"line":17,"column":30},"end":{"line":17,"column":31}},"loc":{"start":{"line":18,"column":10},"end":{"line":19,"column":42}}}},"branchMap":{"0":{"loc":{"start":{"line":18,"column":10},"end":{"line":19,"column":42}},"type":"binary-expr","locations":[{"start":{"line":18,"column":10},"end":{"line":18,"column":44}},{"start":{"line":19,"column":10},"end":{"line":19,"column":42}}]}},"s":{"0":0,"1":0,"2":0},"f":{"0":0,"1":0},"b":{"0":[0,0]}}
,"/Users/matheuscysneiros/Documents/estudos/puc2/src/trpc/server.ts": {"path":"/Users/matheuscysneiros/Documents/estudos/puc2/src/trpc/server.ts","statementMap":{"0":{"start":{"line":15,"column":22},"end":{"line":22,"column":2}},"1":{"start":{"line":16,"column":16},"end":{"line":16,"column":44}},"2":{"start":{"line":17,"column":2},"end":{"line":17,"column":36}},"3":{"start":{"line":19,"column":2},"end":{"line":21,"column":5}},"4":{"start":{"line":24,"column":23},"end":{"line":24,"column":47}},"5":{"start":{"line":25,"column":15},"end":{"line":25,"column":42}},"6":{"start":{"line":27,"column":44},"end":{"line":29,"column":null}}},"fnMap":{"0":{"name":"(anonymous_0)","decl":{"start":{"line":15,"column":28},"end":{"line":15,"column":33}},"loc":{"start":{"line":15,"column":39},"end":{"line":22,"column":1}}}},"branchMap":{},"s":{"0":0,"1":0,"2":0,"3":0,"4":0,"5":0,"6":0},"f":{"0":0},"b":{}}
,"/Users/matheuscysneiros/Documents/estudos/puc2/src/trpc/server/index.ts": {"path":"/Users/matheuscysneiros/Documents/estudos/puc2/src/trpc/server/index.ts","statementMap":{"0":{"start":{"line":25,"column":33},"end":{"line":31,"column":1}},"1":{"start":{"line":26,"column":18},"end":{"line":26,"column":30}},"2":{"start":{"line":28,"column":2},"end":{"line":30,"column":4}},"3":{"start":{"line":40,"column":10},"end":{"line":52,"column":2}},"4":{"start":{"line":43,"column":4},"end":{"line":50,"column":6}},"5":{"start":{"line":66,"column":32},"end":{"line":66,"column":40}},"6":{"start":{"line":77,"column":31},"end":{"line":77,"column":42}}},"fnMap":{"0":{"name":"(anonymous_0)","decl":{"start":{"line":25,"column":33},"end":{"line":25,"column":38}},"loc":{"start":{"line":25,"column":70},"end":{"line":31,"column":1}}},"1":{"name":"(anonymous_1)","decl":{"start":{"line":42,"column":2},"end":{"line":42,"column":16}},"loc":{"start":{"line":42,"column":33},"end":{"line":51,"column":3}}}},"branchMap":{"0":{"loc":{"start":{"line":48,"column":10},"end":{"line":48,"column":72}},"type":"cond-expr","locations":[{"start":{"line":48,"column":44},"end":{"line":48,"column":65}},{"start":{"line":48,"column":68},"end":{"line":48,"column":72}}]}},"s":{"0":0,"1":0,"2":0,"3":0,"4":0,"5":0,"6":0},"f":{"0":0,"1":0},"b":{"0":[0,0]}}
,"/Users/matheuscysneiros/Documents/estudos/puc2/src/trpc/server/rsc.ts": {"path":"/Users/matheuscysneiros/Documents/estudos/puc2/src/trpc/server/rsc.ts","statementMap":{"0":{"start":{"line":8,"column":38},"end":{"line":12,"column":2}},"1":{"start":{"line":11,"column":27},"end":{"line":11,"column":31}}},"fnMap":{"0":{"name":"(anonymous_0)","decl":{"start":{"line":11,"column":21},"end":{"line":11,"column":24}},"loc":{"start":{"line":11,"column":27},"end":{"line":11,"column":31}}}},"branchMap":{},"s":{"0":0,"1":0},"f":{"0":0},"b":{}}
}
